2025-11-10 19:51:29,456 - __main__ - INFO - ALL HANDLERS LOADED. Ready to work
2025-11-10 19:51:29,827 - telegram.ext.Application - INFO - Application started
2025-11-10 19:53:42,948 - __main__ - INFO - ALL HANDLERS LOADED. Ready to work
2025-11-10 19:53:43,260 - telegram.ext.Application - INFO - Application started
2025-11-10 19:55:28,986 - __main__ - INFO - ALL HANDLERS LOADED. Ready to work
2025-11-10 19:55:31,041 - telegram.ext.Application - INFO - Application started
2025-11-10 19:57:28,550 - __main__ - INFO - ALL HANDLERS LOADED. Ready to work
2025-11-10 19:57:29,079 - telegram.ext.Application - INFO - Application started
2025-11-10 20:05:19,868 - __main__ - INFO - ALL HANDLERS LOADED. Ready to work
2025-11-10 20:05:20,231 - telegram.ext.Application - INFO - Application started
2025-11-10 20:05:36,105 - telegram.ext.Application - ERROR - No error handlers are registered, logging exception.
TypeError: 'CallbackContext' object is not subscriptable
2025-11-10 20:19:40,026 - __main__ - INFO - ALL HANDLERS LOADED. Ready to work
2025-11-10 20:19:40,304 - telegram.ext.Application - INFO - Application started
2025-11-10 23:11:19,824 - __main__ - INFO - ALL HANDLERS LOADED. Ready to work
2025-11-10 23:11:20,122 - telegram.ext.Application - INFO - Application started
2025-11-10 23:12:42,435 - __main__ - INFO - ALL HANDLERS LOADED. Ready to work
2025-11-10 23:12:42,739 - telegram.ext.Application - INFO - Application started
2025-11-10 23:13:13,956 - telegram.ext.Application - ERROR - No error handlers are registered, logging exception.
Traceback (most recent call last):
  File "C:\Users\Artem\AppData\Local\Programs\Python\Python311\Lib\site-packages\telegram\ext\_application.py", line 1315, in process_update
    await coroutine
  File "C:\Users\Artem\AppData\Local\Programs\Python\Python311\Lib\site-packages\telegram\ext\_handlers\conversationhandler.py", line 843, in handle_update
    new_state: object = await handler.handle_update(
                        ^^^^^^^^^^^^^^^^^^^^^^^^^^^^
  File "C:\Users\Artem\AppData\Local\Programs\Python\Python311\Lib\site-packages\telegram\ext\_handlers\basehandler.py", line 159, in handle_update
    return await self.callback(update, context)
           ^^^^^^^^^^^^^^^^^^^^^^^^^^^^^^^^^^^^
  File "D:\SuperJob\SwingerBot\bot.py", line 312, in finish_registration
    await message.reply_text('\u2705          !              ...')
          ^^^^^^^
UnboundLocalError: cannot access local variable 'message' where it is not associated with a value
2025-11-10 23:14:36,825 - __main__ - INFO - ALL HANDLERS LOADED. Ready to work
2025-11-10 23:14:37,099 - telegram.ext.Application - INFO - Application started
2025-11-10 23:15:09,997 - request - WARNING - Error profile GET order: HTTPConnectionPool(host='localhost', port=8080): Max retries exceeded with url: / (Caused by NewConnectionError('<urllib3.connection.HTTPConnection object at 0x0000013750AE4850>: Failed to establish a new connection: [WinError 10061]                           ,  . .                                                '))
2025-11-13 16:11:46,036 - __main__ - INFO - ALL HANDLERS LOADED. Ready to work
2025-11-13 16:11:46,933 - telegram.ext.Application - INFO - Application started
2025-11-13 16:12:29,749 - telegram.ext.Application - ERROR - No error handlers are registered, logging exception.
Traceback (most recent call last):
  File "C:\Users\Artem\AppData\Local\Programs\Python\Python311\Lib\site-packages\telegram\ext\_application.py", line 1315, in process_update
    await coroutine
  File "C:\Users\Artem\AppData\Local\Programs\Python\Python311\Lib\site-packages\telegram\ext\_handlers\conversationhandler.py", line 843, in handle_update
    new_state: object = await handler.handle_update(
                        ^^^^^^^^^^^^^^^^^^^^^^^^^^^^
  File "C:\Users\Artem\AppData\Local\Programs\Python\Python311\Lib\site-packages\telegram\ext\_handlers\basehandler.py", line 159, in handle_update
    return await self.callback(update, context)
           ^^^^^^^^^^^^^^^^^^^^^^^^^^^^^^^^^^^^
  File "D:\SuperJob\SwingerBot\handlers.py", line 195, in finish_registration
    await register(message,data[:])
          ^^^^^^^^
NameError: name 'register' is not defined
2025-11-13 16:18:03,854 - __main__ - INFO - ALL HANDLERS LOADED. Ready to work
2025-11-13 16:18:04,754 - telegram.ext.Application - INFO - Application started
2025-11-13 16:18:45,890 - construct - WARNING - Backend server getting user profile error: 
2025-11-13 16:18:45,911 - construct - INFO - User does not exists in database error: invalid literal for int() with base 10: '23.017.07.0'
2025-11-13 16:21:11,725 - __main__ - INFO - ALL HANDLERS LOADED. Ready to work
2025-11-13 16:21:12,798 - telegram.ext.Application - INFO - Application started
2025-11-13 16:22:10,987 - construct - WARNING - Backend server getting user profile error: 
2025-11-13 16:22:11,081 - construct - WARNING - Backend server connection error: 
2025-11-13 16:22:11,104 - telegram.ext.Application - ERROR - No error handlers are registered, logging exception.
Traceback (most recent call last):
  File "D:\SuperJob\SwingerBot\construct.py", line 45, in register
    assert r.status_code == 200
           ^^^^^^^^^^^^^^^^^^^^
AssertionError

During handling of the above exception, another exception occurred:

Traceback (most recent call last):
  File "C:\Users\Artem\AppData\Local\Programs\Python\Python311\Lib\site-packages\telegram\ext\_application.py", line 1315, in process_update
    await coroutine
  File "C:\Users\Artem\AppData\Local\Programs\Python\Python311\Lib\site-packages\telegram\ext\_handlers\conversationhandler.py", line 843, in handle_update
    new_state: object = await handler.handle_update(
                        ^^^^^^^^^^^^^^^^^^^^^^^^^^^^
  File "C:\Users\Artem\AppData\Local\Programs\Python\Python311\Lib\site-packages\telegram\ext\_handlers\basehandler.py", line 159, in handle_update
    return await self.callback(update, context)
           ^^^^^^^^^^^^^^^^^^^^^^^^^^^^^^^^^^^^
  File "D:\SuperJob\SwingerBot\handlers.py", line 195, in finish_registration
    await cnst.register(message,data[:])
  File "D:\SuperJob\SwingerBot\construct.py", line 62, in register
    logger_construct.info(f"User does not exists in database: {user_name}")
                                                               ^^^^^^^^^
NameError: name 'user_name' is not defined
2025-11-13 16:23:41,875 - __main__ - INFO - ALL HANDLERS LOADED. Ready to work
2025-11-13 16:23:42,818 - telegram.ext.Application - INFO - Application started
2025-11-13 16:27:20,576 - construct - WARNING - Backend server getting user profile error: 
2025-11-13 16:27:20,659 - construct - WARNING - Backend server connection error: 
2025-11-13 16:27:20,672 - telegram.ext.Application - ERROR - No error handlers are registered, logging exception.
2025-11-13 18:18:26,996 - telegram.ext.Application - ERROR - No error handlers are registered, logging exception.
Traceback (most recent call last):
  File "C:\Users\Artem\AppData\Local\Programs\Python\Python311\Lib\site-packages\httpx\_transports\default.py", line 101, in map_httpcore_exceptions
    yield
  File "C:\Users\Artem\AppData\Local\Programs\Python\Python311\Lib\site-packages\httpx\_transports\default.py", line 394, in handle_async_request
    resp = await self._pool.handle_async_request(req)
           ^^^^^^^^^^^^^^^^^^^^^^^^^^^^^^^^^^^^^^^^^^
  File "C:\Users\Artem\AppData\Local\Programs\Python\Python311\Lib\site-packages\httpcore\_async\connection_pool.py", line 256, in handle_async_request
    raise exc from None
  File "C:\Users\Artem\AppData\Local\Programs\Python\Python311\Lib\site-packages\httpcore\_async\connection_pool.py", line 236, in handle_async_request
    response = await connection.handle_async_request(
               ^^^^^^^^^^^^^^^^^^^^^^^^^^^^^^^^^^^^^^
  File "C:\Users\Artem\AppData\Local\Programs\Python\Python311\Lib\site-packages\httpcore\_async\connection.py", line 101, in handle_async_request
    raise exc
  File "C:\Users\Artem\AppData\Local\Programs\Python\Python311\Lib\site-packages\httpcore\_async\connection.py", line 78, in handle_async_request
    stream = await self._connect(request)
             ^^^^^^^^^^^^^^^^^^^^^^^^^^^^
  File "C:\Users\Artem\AppData\Local\Programs\Python\Python311\Lib\site-packages\httpcore\_async\connection.py", line 124, in _connect
    stream = await self._network_backend.connect_tcp(**kwargs)
             ^^^^^^^^^^^^^^^^^^^^^^^^^^^^^^^^^^^^^^^^^^^^^^^^^
  File "C:\Users\Artem\AppData\Local\Programs\Python\Python311\Lib\site-packages\httpcore\_backends\auto.py", line 31, in connect_tcp
    return await self._backend.connect_tcp(
           ^^^^^^^^^^^^^^^^^^^^^^^^^^^^^^^^
  File "C:\Users\Artem\AppData\Local\Programs\Python\Python311\Lib\site-packages\httpcore\_backends\anyio.py", line 113, in connect_tcp
    with map_exceptions(exc_map):
  File "C:\Users\Artem\AppData\Local\Programs\Python\Python311\Lib\contextlib.py", line 155, in __exit__
    self.gen.throw(typ, value, traceback)
  File "C:\Users\Artem\AppData\Local\Programs\Python\Python311\Lib\site-packages\httpcore\_exceptions.py", line 14, in map_exceptions
    raise to_exc(exc) from exc
httpcore.ConnectError: [Errno 11001] getaddrinfo failed

The above exception was the direct cause of the following exception:

Traceback (most recent call last):
  File "C:\Users\Artem\AppData\Local\Programs\Python\Python311\Lib\site-packages\telegram\request\_httpxrequest.py", line 279, in do_request
    res = await self._client.request(
          ^^^^^^^^^^^^^^^^^^^^^^^^^^^
  File "C:\Users\Artem\AppData\Local\Programs\Python\Python311\Lib\site-packages\httpx\_client.py", line 1540, in request
    return await self.send(request, auth=auth, follow_redirects=follow_redirects)
           ^^^^^^^^^^^^^^^^^^^^^^^^^^^^^^^^^^^^^^^^^^^^^^^^^^^^^^^^^^^^^^^^^^^^^^
  File "C:\Users\Artem\AppData\Local\Programs\Python\Python311\Lib\site-packages\httpx\_client.py", line 1629, in send
    response = await self._send_handling_auth(
               ^^^^^^^^^^^^^^^^^^^^^^^^^^^^^^^
  File "C:\Users\Artem\AppData\Local\Programs\Python\Python311\Lib\site-packages\httpx\_client.py", line 1657, in _send_handling_auth
    response = await self._send_handling_redirects(
               ^^^^^^^^^^^^^^^^^^^^^^^^^^^^^^^^^^^^
  File "C:\Users\Artem\AppData\Local\Programs\Python\Python311\Lib\site-packages\httpx\_client.py", line 1694, in _send_handling_redirects
    response = await self._send_single_request(request)
               ^^^^^^^^^^^^^^^^^^^^^^^^^^^^^^^^^^^^^^^^
  File "C:\Users\Artem\AppData\Local\Programs\Python\Python311\Lib\site-packages\httpx\_client.py", line 1730, in _send_single_request
    response = await transport.handle_async_request(request)
               ^^^^^^^^^^^^^^^^^^^^^^^^^^^^^^^^^^^^^^^^^^^^^
  File "C:\Users\Artem\AppData\Local\Programs\Python\Python311\Lib\site-packages\httpx\_transports\default.py", line 393, in handle_async_request
    with map_httpcore_exceptions():
  File "C:\Users\Artem\AppData\Local\Programs\Python\Python311\Lib\contextlib.py", line 155, in __exit__
    self.gen.throw(typ, value, traceback)
  File "C:\Users\Artem\AppData\Local\Programs\Python\Python311\Lib\site-packages\httpx\_transports\default.py", line 118, in map_httpcore_exceptions
    raise mapped_exc(message) from exc
httpx.ConnectError: [Errno 11001] getaddrinfo failed

The above exception was the direct cause of the following exception:

Traceback (most recent call last):
  File "C:\Users\Artem\AppData\Local\Programs\Python\Python311\Lib\site-packages\telegram\ext\_utils\networkloop.py", line 134, in network_retry_loop
    await do_action()
  File "C:\Users\Artem\AppData\Local\Programs\Python\Python311\Lib\site-packages\telegram\ext\_utils\networkloop.py", line 127, in do_action
    action_cb_task.result()
  File "C:\Users\Artem\AppData\Local\Programs\Python\Python311\Lib\site-packages\telegram\ext\_updater.py", line 340, in polling_action_cb
    updates = await self.bot.get_updates(
              ^^^^^^^^^^^^^^^^^^^^^^^^^^^
  File "C:\Users\Artem\AppData\Local\Programs\Python\Python311\Lib\site-packages\telegram\ext\_extbot.py", line 676, in get_updates
    updates = await super().get_updates(
              ^^^^^^^^^^^^^^^^^^^^^^^^^^
  File "C:\Users\Artem\AppData\Local\Programs\Python\Python311\Lib\site-packages\telegram\_bot.py", line 4780, in get_updates
    await self._post(
  File "C:\Users\Artem\AppData\Local\Programs\Python\Python311\Lib\site-packages\telegram\_bot.py", line 703, in _post
    return await self._do_post(
           ^^^^^^^^^^^^^^^^^^^^
  File "C:\Users\Artem\AppData\Local\Programs\Python\Python311\Lib\site-packages\telegram\ext\_extbot.py", line 372, in _do_post
    return await super()._do_post(
           ^^^^^^^^^^^^^^^^^^^^^^^
  File "C:\Users\Artem\AppData\Local\Programs\Python\Python311\Lib\site-packages\telegram\_bot.py", line 732, in _do_post
    result = await request.post(
             ^^^^^^^^^^^^^^^^^^^
  File "C:\Users\Artem\AppData\Local\Programs\Python\Python311\Lib\site-packages\telegram\request\_baserequest.py", line 198, in post
    result = await self._request_wrapper(
             ^^^^^^^^^^^^^^^^^^^^^^^^^^^^
  File "C:\Users\Artem\AppData\Local\Programs\Python\Python311\Lib\site-packages\telegram\request\_baserequest.py", line 305, in _request_wrapper
    code, payload = await self.do_request(
                    ^^^^^^^^^^^^^^^^^^^^^^
  File "C:\Users\Artem\AppData\Local\Programs\Python\Python311\Lib\site-packages\telegram\request\_httpxrequest.py", line 303, in do_request
    raise NetworkError(f"httpx.{err.__class__.__name__}: {err}") from err
telegram.error.NetworkError: httpx.ConnectError: [Errno 11001] getaddrinfo failed
